<?xml version="1.0" encoding="UTF-8"?>
<!-- Generated by org.testng.reporters.JUnitXMLReporter -->
<testsuite ignored="0" hostname="DESKTOP-BHPKN09" failures="0" tests="3" name="Default test" time="82.409" errors="0" timestamp="2026-04-22T17:27:01 IST">
  <testcase classname="tests.LoginTest" name="loginTest" time="2.072"/>
  <testcase classname="tests.LoginTest" name="loginTest" time="1.658"/>
  <testcase classname="tests.LoginTest" name="loginTest" time="0.98"/>
</testsuite> <!-- Default test -->
