<?xml version="1.0" encoding="UTF-8"?>
<testng-results ignored="0" total="3" passed="3" failed="0" skipped="0">
  <reporter-output>
  </reporter-output>
  <suite started-at="2026-04-22T17:25:39 IST" name="Default suite" finished-at="2026-04-22T17:27:01 IST" duration-ms="82409">
    <groups>
    </groups>
    <test started-at="2026-04-22T17:25:39 IST" name="Default test" finished-at="2026-04-22T17:27:01 IST" duration-ms="82409">
      <class name="tests.LoginTest">
        <test-method is-config="true" signature="setup()[pri:0, instance:tests.LoginTest@765d7657]" started-at="2026-04-22T17:25:39 IST" name="setup" finished-at="2026-04-22T17:26:33 IST" duration-ms="54048" status="PASS">
          <reporter-output>
          </reporter-output>
        </test-method> <!-- setup -->
        <test-method signature="loginTest(java.lang.String,java.lang.String,java.lang.String)[pri:0, instance:tests.LoginTest@765d7657]" started-at="2026-04-22T17:26:33 IST" name="loginTest" data-provider="loginData" finished-at="2026-04-22T17:26:35 IST" duration-ms="2072" status="PASS">
          <params>
            <param index="0">
              <value>
                <![CDATA[standard_user]]>
              </value>
            </param>
            <param index="1">
              <value>
                <![CDATA[secret_sauce]]>
              </value>
            </param>
            <param index="2">
              <value>
                <![CDATA[success]]>
              </value>
            </param>
          </params>
          <reporter-output>
          </reporter-output>
        </test-method> <!-- loginTest -->
        <test-method is-config="true" signature="tearDown()[pri:0, instance:tests.LoginTest@765d7657]" started-at="2026-04-22T17:26:35 IST" name="tearDown" finished-at="2026-04-22T17:26:38 IST" duration-ms="2458" status="PASS">
          <reporter-output>
          </reporter-output>
        </test-method> <!-- tearDown -->
        <test-method is-config="true" signature="setup()[pri:0, instance:tests.LoginTest@765d7657]" started-at="2026-04-22T17:26:38 IST" name="setup" finished-at="2026-04-22T17:26:48 IST" duration-ms="10822" status="PASS">
          <reporter-output>
          </reporter-output>
        </test-method> <!-- setup -->
        <test-method signature="loginTest(java.lang.String,java.lang.String,java.lang.String)[pri:0, instance:tests.LoginTest@765d7657]" started-at="2026-04-22T17:26:48 IST" name="loginTest" data-provider="loginData" finished-at="2026-04-22T17:26:50 IST" duration-ms="1658" status="PASS">
          <params>
            <param index="0">
              <value>
                <![CDATA[standard_user]]>
              </value>
            </param>
            <param index="1">
              <value>
                <![CDATA[wrong_pass]]>
              </value>
            </param>
            <param index="2">
              <value>
                <![CDATA[failure]]>
              </value>
            </param>
          </params>
          <reporter-output>
          </reporter-output>
        </test-method> <!-- loginTest -->
        <test-method is-config="true" signature="tearDown()[pri:0, instance:tests.LoginTest@765d7657]" started-at="2026-04-22T17:26:50 IST" name="tearDown" finished-at="2026-04-22T17:26:51 IST" duration-ms="857" status="PASS">
          <reporter-output>
          </reporter-output>
        </test-method> <!-- tearDown -->
        <test-method is-config="true" signature="setup()[pri:0, instance:tests.LoginTest@765d7657]" started-at="2026-04-22T17:26:51 IST" name="setup" finished-at="2026-04-22T17:26:59 IST" duration-ms="8329" status="PASS">
          <reporter-output>
          </reporter-output>
        </test-method> <!-- setup -->
        <test-method signature="loginTest(java.lang.String,java.lang.String,java.lang.String)[pri:0, instance:tests.LoginTest@765d7657]" started-at="2026-04-22T17:26:59 IST" name="loginTest" data-provider="loginData" finished-at="2026-04-22T17:27:00 IST" duration-ms="980" status="PASS">
          <params>
            <param index="0">
              <value>
                <![CDATA[]]>
              </value>
            </param>
            <param index="1">
              <value>
                <![CDATA[]]>
              </value>
            </param>
            <param index="2">
              <value>
                <![CDATA[failure]]>
              </value>
            </param>
          </params>
          <reporter-output>
          </reporter-output>
        </test-method> <!-- loginTest -->
        <test-method is-config="true" signature="tearDown()[pri:0, instance:tests.LoginTest@765d7657]" started-at="2026-04-22T17:27:00 IST" name="tearDown" finished-at="2026-04-22T17:27:01 IST" duration-ms="817" status="PASS">
          <reporter-output>
          </reporter-output>
        </test-method> <!-- tearDown -->
      </class> <!-- tests.LoginTest -->
    </test> <!-- Default test -->
  </suite> <!-- Default suite -->
</testng-results>
