<?xml version="1.0" encoding="UTF-8"?>
<!-- Generated by org.testng.reporters.JUnitReportReporter -->
<testsuite hostname="DESKTOP-BHPKN09" failures="0" tests="3" name="tests.LoginTest" time="82.041" errors="0" timestamp="2026-04-22T17:27:02 IST" skipped="0">
  <testcase classname="tests.LoginTest" name="loginTest" time="13.297"/>
  <testcase classname="tests.LoginTest" name="loginTest" time="11.767"/>
  <testcase classname="tests.LoginTest" name="loginTest" time="56.977"/>
</testsuite> <!-- tests.LoginTest -->
